<?xml version="1.0" encoding="UTF-8"?>
<!-- Generated by org.testng.reporters.JUnitReportReporter -->
<testsuite skipped="0" hostname="DESKTOP-3IUH2CD" name="org.mercury.tours.hardcoded.HardCodedClass" tests="1" failures="0" timestamp="2023-01-21T11:55:12 EST" time="5.058" errors="0">
  <testcase name="userRegistration" time="5.058" classname="org.mercury.tours.hardcoded.HardCodedClass"/>
  <system-out/>
</testsuite> <!-- org.mercury.tours.hardcoded.HardCodedClass -->
